<?xml version="1.0" encoding="UTF-8"?>
<!-- Generated by org.testng.reporters.JUnitXMLReporter -->
<testsuite ignored="0" hostname="OBL-COM-0279" failures="1" tests="7" name="Surefire test" time="39.454" errors="0" timestamp="2022-10-05T23:09:34 TRT">
  <testcase classname="services.pet.CreatePetTest" name="createPetHappyPath" time="0.9"/>
  <testcase classname="services.pet.DeletePetTest" name="deletePetHappyPath" time="0.609">
    <failure type="java.lang.AssertionError" message="expected [200] but found [405]">
      <![CDATA[java.lang.AssertionError: expected [200] but found [405]
at services.pet.DeletePetTest.deletePetHappyPath(DeletePetTest.java:24)
at java.base/java.util.ArrayList.forEach(ArrayList.java:1511)
... Removed 37 stack frames]]>
    </failure>
  </testcase> <!-- deletePetHappyPath -->
  <testcase classname="services.pet.FindPetByStatusTest" name="findPetByStatusCheckWithInvalidStatus" time="0.532"/>
  <testcase classname="services.pet.FindPetByStatusTest" name="findPetByStatusCheckWithNullStatus" time="0.539"/>
  <testcase classname="services.pet.FindPetByStatusTest" name="findPetByStatusCheckWithWhiteSpaceStatus" time="0.536"/>
  <testcase classname="services.pet.FindPetByStatusTest" name="findPetByStatusHappyPath" time="32.586"/>
  <testcase classname="services.pet.UpdatePetTest" name="updatePetHappyPath" time="0.55"/>
</testsuite> <!-- Surefire test -->
