<?xml version="1.0" encoding="UTF-8"?>
<!-- Generated by org.testng.reporters.JUnitXMLReporter -->
<testsuite ignored="0" hostname="OBL-COM-0279" failures="1" tests="7" name="Surefire test" time="59.159" errors="0" timestamp="2022-10-05T19:54:28 TRT">
  <testcase classname="services.pet.CreatePetTest" name="createPetHappyPath" time="0.925"/>
  <testcase classname="services.pet.DeletePetTest" name="deletePetHappyPath" time="1.598">
    <failure type="java.lang.AssertionError" message="expected [200] but found [405]">
      <![CDATA[java.lang.AssertionError: expected [200] but found [405]
at services.pet.DeletePetTest.deletePetHappyPath(DeletePetTest.java:16)
at java.base/java.util.ArrayList.forEach(ArrayList.java:1511)
... Removed 37 stack frames]]>
    </failure>
  </testcase> <!-- deletePetHappyPath -->
  <testcase classname="services.pet.FindPetByStatusTest" name="findPetByStatusCheckWithInvalidStatus" time="0.519"/>
  <testcase classname="services.pet.FindPetByStatusTest" name="findPetByStatusCheckWithNullStatus" time="0.526"/>
  <testcase classname="services.pet.FindPetByStatusTest" name="findPetByStatusCheckWithWhiteSpaceStatus" time="0.514"/>
  <testcase classname="services.pet.FindPetByStatusTest" name="findPetByStatusHappyPath" time="52.063"/>
  <testcase classname="services.pet.UpdatePetTest" name="updatePetHappyPath" time="0.537"/>
</testsuite> <!-- Surefire test -->
