<?xml version="1.0" encoding="UTF-8"?>
<!-- Generated by org.testng.reporters.JUnitXMLReporter -->
<testsuite ignored="0" hostname="OBL-COM-0279" failures="1" tests="1" name="RestSpriteCloud" time="3.644" errors="0" timestamp="2022-10-05T17:16:31 TRT">
  <testcase classname="services.pet.DeletePetTest" name="deletePetHappyPath" time="3.616">
    <failure type="java.lang.AssertionError" message="expected [200] but found [405]">
      <![CDATA[java.lang.AssertionError: expected [200] but found [405]
at services.pet.DeletePetTest.deletePetHappyPath(DeletePetTest.java:18)
at java.base/java.util.ArrayList.forEach(ArrayList.java:1511)
at com.intellij.rt.testng.IDEARemoteTestNG.run(IDEARemoteTestNG.java:66)
at com.intellij.rt.testng.RemoteTestNGStarter.main(RemoteTestNGStarter.java:109)
... Removed 30 stack frames]]>
    </failure>
  </testcase> <!-- deletePetHappyPath -->
</testsuite> <!-- RestSpriteCloud -->
