<?xml version="1.0" encoding="UTF-8"?>
<testsuite xmlns:xsi="http://www.w3.org/2001/XMLSchema-instance" xsi:schemaLocation="https://maven.apache.org/surefire/maven-surefire-plugin/xsd/surefire-test-report.xsd" name="TestSuite" time="39.755" tests="7" errors="0" skipped="0" failures="1">
  <properties>
    <property name="java.runtime.name" value="Java(TM) SE Runtime Environment"/>
    <property name="java.vm.version" value="17.0.3+8-LTS-111"/>
    <property name="sun.boot.library.path" value="C:\Program Files\Java\jdk-17.0.3\bin"/>
    <property name="user.country.format" value="TR"/>
    <property name="maven.multiModuleProjectDirectory" value="C:\Users\onur.tarar\IdeaProjects\RestSpriteCloud"/>
    <property name="java.vm.vendor" value="Oracle Corporation"/>
    <property name="java.vendor.url" value="https://java.oracle.com/"/>
    <property name="guice.disable.misplaced.annotation.check" value="true"/>
    <property name="path.separator" value=";"/>
    <property name="java.vm.name" value="Java HotSpot(TM) 64-Bit Server VM"/>
    <property name="sun.os.patch.level" value=""/>
    <property name="user.script" value=""/>
    <property name="user.country" value="US"/>
    <property name="sun.java.launcher" value="SUN_STANDARD"/>
    <property name="java.vm.specification.name" value="Java Virtual Machine Specification"/>
    <property name="user.dir" value="C:\Users\onur.tarar\IdeaProjects\RestSpriteCloud"/>
    <property name="java.vm.compressedOopsMode" value="Zero based"/>
    <property name="java.runtime.version" value="17.0.3+8-LTS-111"/>
    <property name="os.arch" value="amd64"/>
    <property name="java.io.tmpdir" value="C:\Users\ONUR~1.TAR\AppData\Local\Temp\"/>
    <property name="line.separator" value="&#10;"/>
    <property name="java.vm.specification.vendor" value="Oracle Corporation"/>
    <property name="user.variant" value=""/>
    <property name="os.name" value="Windows 10"/>
    <property name="classworlds.conf" value="C:\Program Files\apache-maven-3.8.4\bin\m2.conf"/>
    <property name="sun.jnu.encoding" value="Cp1254"/>
    <property name="java.library.path" value="C:\Program Files\Java\jdk-17.0.3\bin;C:\Windows\Sun\Java\bin;C:\Windows\system32;C:\Windows;C:\Program Files\Common Files\Oracle\Java\javapath;C:\Windows\system32;C:\Windows;C:\Windows\System32\Wbem;C:\Windows\System32\WindowsPowerShell\v1.0\;C:\Windows\System32\OpenSSH\;C:\Program Files\Java\jdk1.8.0_321\bin;C:\Program Files\Gauge\bin;%ANDROID_HOME%\tools;C:\Program Files\apache-maven-3.8.4\bin;C:\Program Files\Java\jdk-17.0.3\bin;C:\Users\onur.tarar\AppData\Local\Android\Sdk\platform-tools;C:\driver\allure-2.13.0\bin;C:\Program Files\nodejs\;C:\Program Files\Git\cmd;C:\Ruby31-x64\bin;C:\Users\onur.tarar\AppData\Local\Programs\Python\Python310\Scripts\;C:\Users\onur.tarar\AppData\Local\Programs\Python\Python310\;C:\Users\onur.tarar\Anaconda3;C:\Users\onur.tarar\Anaconda3\Library\mingw-w64\bin;C:\Users\onur.tarar\Anaconda3\Library\usr\bin;C:\Users\onur.tarar\Anaconda3\Library\bin;C:\Users\onur.tarar\Anaconda3\Scripts;C:\Users\onur.tarar\AppData\Local\Microsoft\WindowsApps;C:\Users\onur.tarar\AppData\Local\JetBrains\IntelliJ IDEA Community Edition 2021.3.2\bin;;C:\Users\onur.tarar\AppData\Local\Programs\Git\cmd;C:\Program Files\Java\jdk1.8.0_321\bin;C:\Program Files (x86)\Sophos\Sophos SSL VPN Client\bin;C:\Program Files\JetBrains\RubyMine 2022.1\bin;;C:\Users\onur.tarar\AppData\Roaming\npm;C:\Users\onur.tarar\AppData\Local\Programs\Microsoft VS Code\bin;."/>
    <property name="maven.conf" value="C:\Program Files\apache-maven-3.8.4/conf"/>
    <property name="jdk.debug" value="release"/>
    <property name="java.class.version" value="61.0"/>
    <property name="java.specification.name" value="Java Platform API Specification"/>
    <property name="sun.management.compiler" value="HotSpot 64-Bit Tiered Compilers"/>
    <property name="os.version" value="10.0"/>
    <property name="library.jansi.path" value="C:\Program Files\apache-maven-3.8.4\lib\jansi-native"/>
    <property name="user.home" value="C:\Users\onur.tarar"/>
    <property name="user.timezone" value="Europe/Istanbul"/>
    <property name="file.encoding" value="Cp1254"/>
    <property name="java.specification.version" value="17"/>
    <property name="user.name" value="onur.tarar"/>
    <property name="java.class.path" value="C:\Program Files\apache-maven-3.8.4\boot\plexus-classworlds-2.6.0.jar"/>
    <property name="java.vm.specification.version" value="17"/>
    <property name="sun.arch.data.model" value="64"/>
    <property name="sun.java.command" value="org.codehaus.plexus.classworlds.launcher.Launcher test"/>
    <property name="java.home" value="C:\Program Files\Java\jdk-17.0.3"/>
    <property name="user.language" value="en"/>
    <property name="java.specification.vendor" value="Oracle Corporation"/>
    <property name="user.language.format" value="tr"/>
    <property name="java.vm.info" value="mixed mode, sharing"/>
    <property name="java.version" value="17.0.3"/>
    <property name="native.encoding" value="Cp1254"/>
    <property name="java.vendor" value="Oracle Corporation"/>
    <property name="sun.stderr.encoding" value="cp857"/>
    <property name="maven.home" value="C:\Program Files\apache-maven-3.8.4"/>
    <property name="file.separator" value="\"/>
    <property name="java.version.date" value="2022-04-19"/>
    <property name="java.vendor.url.bug" value="https://bugreport.java.com/bugreport/"/>
    <property name="sun.io.unicode.encoding" value="UnicodeLittle"/>
    <property name="sun.cpu.endian" value="little"/>
    <property name="sun.stdout.encoding" value="cp857"/>
    <property name="sun.cpu.isalist" value="amd64"/>
  </properties>
  <testcase name="createPetHappyPath" classname="services.pet.CreatePetTest" time="0.901"/>
  <testcase name="deletePetHappyPath" classname="services.pet.DeletePetTest" time="0.615">
    <failure message="expected [200] but found [405]" type="java.lang.AssertionError">java.lang.AssertionError: expected [200] but found [405]
	at services.pet.DeletePetTest.deletePetHappyPath(DeletePetTest.java:24)
</failure>
    <system-out><![CDATA[Request method:	DELETE
Request URI:	https://petstore.swagger.io/v2/pet?petId=21876726
Proxy:			<none>
Request params:	<none>
Query params:	petId=21876726
Form params:	<none>
Path params:	<none>
Headers:		xAutomation=true
				Accept=*/*
				Content-Type=application/json
Cookies:		<none>
Multiparts:		<none>
Body:			<none>
<apiResponse>
  <type>unknown</type>
</apiResponse>
]]></system-out>
    <system-err><![CDATA[Eki 05, 2022 11:08:58 Ã–S services.pet.DeletePetTest deletePetHappyPath
INFO: Delete Pet happy pat
]]></system-err>
  </testcase>
  <testcase name="findPetByStatusCheckWithInvalidStatus" classname="services.pet.FindPetByStatusTest" time="0.532"/>
  <testcase name="findPetByStatusCheckWithNullStatus" classname="services.pet.FindPetByStatusTest" time="0.539"/>
  <testcase name="findPetByStatusCheckWithWhiteSpaceStatus" classname="services.pet.FindPetByStatusTest" time="0.537"/>
  <testcase name="findPetByStatusHappyPath" classname="services.pet.FindPetByStatusTest" time="32.586"/>
  <testcase name="updatePetHappyPath" classname="services.pet.UpdatePetTest" time="0.55"/>
</testsuite>