<?xml version="1.0" encoding="UTF-8"?>
<testsuite xmlns:xsi="http://www.w3.org/2001/XMLSchema-instance" xsi:schemaLocation="https://maven.apache.org/surefire/maven-surefire-plugin/xsd/surefire-test-report.xsd" name="TestSuite" time="39.755" tests="7" errors="0" skipped="0" failures="1">
  <properties>
[...]
</properties>
  <testcase name="createPetHappyPath" classname="services.pet.CreatePetTest" time="0.901"/>
  <testcase name="deletePetHappyPath" classname="services.pet.DeletePetTest" time="0.615">
    <failure message="expected [200] but found [405]" type="java.lang.AssertionError">java.lang.AssertionError: expected [200] but found [405]
	at services.pet.DeletePetTest.deletePetHappyPath(DeletePetTest.java:24)
</failure>
    <system-out><![CDATA[Request method:	DELETE
Request URI:	https://petstore.swagger.io/v2/pet?petId=21876726
Proxy:			<none>
Request params:	<none>
Query params:	petId=21876726
Form params:	<none>
Path params:	<none>
Headers:		xAutomation=true
				Accept=*/*
				Content-Type=application/json
Cookies:		<none>
Multiparts:		<none>
Body:			<none>
<apiResponse>
  <type>unknown</type>
</apiResponse>
]]></system-out>
    <system-err><![CDATA[Eki 05, 2022 11:08:58 ÖS services.pet.DeletePetTest deletePetHappyPath
INFO: Delete Pet happy pat
]]></system-err>
  </testcase>
  <testcase name="findPetByStatusCheckWithInvalidStatus" classname="services.pet.FindPetByStatusTest" time="0.532"/>
  <testcase name="findPetByStatusCheckWithNullStatus" classname="services.pet.FindPetByStatusTest" time="0.539"/>
  <testcase name="findPetByStatusCheckWithWhiteSpaceStatus" classname="services.pet.FindPetByStatusTest" time="0.537"/>
  <testcase name="findPetByStatusHappyPath" classname="services.pet.FindPetByStatusTest" time="32.586"/>
  <testcase name="updatePetHappyPath" classname="services.pet.UpdatePetTest" time="0.55"/>
</testsuite>