-------------------------------------------------------------------------------
Test set: TestSuite
-------------------------------------------------------------------------------
Tests run: 7, Failures: 1, Errors: 0, Skipped: 0, Time elapsed: 59.482 sec <<< FAILURE! - in TestSuite
deletePetHappyPath(services.pet.DeletePetTest)  Time elapsed: 1.602 sec  <<< FAILURE!
java.lang.AssertionError: expected [200] but found [405]
	at services.pet.DeletePetTest.deletePetHappyPath(DeletePetTest.java:16)

