<?xml version="1.0" encoding="UTF-8"?>
<testng-results ignored="0" total="1" passed="1" failed="0" skipped="0">
  <reporter-output>
  </reporter-output>
  <suite started-at="2022-10-05T22:18:41 TRT" name="Default Suite" finished-at="2022-10-05T22:18:44 TRT" duration-ms="3517">
    <groups>
    </groups>
    <test started-at="2022-10-05T22:18:41 TRT" name="RestSpriteCloud" finished-at="2022-10-05T22:18:44 TRT" duration-ms="3517">
      <class name="services.pet.UpdatePetTest">
        <test-method is-config="true" signature="beforeTest()[pri:0, instance:services.pet.UpdatePetTest@6328d34a]" started-at="2022-10-05T22:18:41 TRT" name="beforeTest" finished-at="2022-10-05T22:18:43 TRT" duration-ms="1997" status="PASS">
          <reporter-output>
          </reporter-output>
        </test-method> <!-- beforeTest -->
        <test-method signature="updatePetHappyPath()[pri:0, instance:services.pet.UpdatePetTest@6328d34a]" started-at="2022-10-05T22:18:43 TRT" name="updatePetHappyPath" finished-at="2022-10-05T22:18:44 TRT" duration-ms="921" status="PASS">
          <reporter-output>
          </reporter-output>
        </test-method> <!-- updatePetHappyPath -->
        <test-method is-config="true" signature="afterTest()[pri:0, instance:services.pet.UpdatePetTest@6328d34a]" started-at="2022-10-05T22:18:44 TRT" name="afterTest" finished-at="2022-10-05T22:18:44 TRT" duration-ms="578" status="PASS">
          <reporter-output>
          </reporter-output>
        </test-method> <!-- afterTest -->
      </class> <!-- services.pet.UpdatePetTest -->
    </test> <!-- RestSpriteCloud -->
  </suite> <!-- Default Suite -->
</testng-results>
